<?xml version="1.0" encoding="UTF-8"?>
<testng-results ignored="0" total="1" passed="1" failed="0" skipped="0">
  <reporter-output>
  </reporter-output>
  <suite started-at="2024-11-13T13:16:44 IST" name="Default suite" finished-at="2024-11-13T13:17:22 IST" duration-ms="37953">
    <groups>
    </groups>
    <test started-at="2024-11-13T13:16:44 IST" name="Default test" finished-at="2024-11-13T13:17:22 IST" duration-ms="37953">
      <class name="computers.Computer">
        <test-method is-config="true" signature="reportConfig()[pri:0, instance:computers.Computer@4116aac9]" started-at="2024-11-13T13:16:44 IST" name="reportConfig" finished-at="2024-11-13T13:16:44 IST" duration-ms="249" status="PASS">
          <reporter-output>
          </reporter-output>
        </test-method> <!-- reportConfig -->
        <test-method is-config="true" signature="launchBrowser(java.lang.String)[pri:0, instance:computers.Computer@4116aac9]" started-at="2024-11-13T13:16:44 IST" name="launchBrowser" finished-at="2024-11-13T13:17:12 IST" duration-ms="27148" status="PASS">
          <params>
            <param index="0">
              <value>
                <![CDATA[chrome]]>
              </value>
            </param>
          </params>
          <reporter-output>
          </reporter-output>
        </test-method> <!-- launchBrowser -->
        <test-method is-config="true" signature="login()[pri:0, instance:computers.Computer@4116aac9]" started-at="2024-11-13T13:17:12 IST" name="login" finished-at="2024-11-13T13:17:15 IST" duration-ms="3248" status="PASS">
          <reporter-output>
          </reporter-output>
        </test-method> <!-- login -->
        <test-method signature="clickOnComputer()[pri:0, instance:computers.Computer@4116aac9]" started-at="2024-11-13T13:17:15 IST" name="clickOnComputer" finished-at="2024-11-13T13:17:18 IST" duration-ms="3266" status="PASS">
          <reporter-output>
          </reporter-output>
        </test-method> <!-- clickOnComputer -->
        <test-method is-config="true" signature="logout()[pri:0, instance:computers.Computer@4116aac9]" started-at="2024-11-13T13:17:18 IST" name="logout" finished-at="2024-11-13T13:17:22 IST" duration-ms="3957" status="PASS">
          <reporter-output>
          </reporter-output>
        </test-method> <!-- logout -->
        <test-method is-config="true" signature="closeBrowser()[pri:0, instance:computers.Computer@4116aac9]" started-at="2024-11-13T13:17:22 IST" name="closeBrowser" finished-at="2024-11-13T13:17:22 IST" duration-ms="290" status="PASS">
          <reporter-output>
          </reporter-output>
        </test-method> <!-- closeBrowser -->
        <test-method is-config="true" signature="reportBackup()[pri:0, instance:computers.Computer@4116aac9]" started-at="2024-11-13T13:17:22 IST" name="reportBackup" finished-at="2024-11-13T13:17:23 IST" duration-ms="785" status="PASS">
          <reporter-output>
          </reporter-output>
        </test-method> <!-- reportBackup -->
      </class> <!-- computers.Computer -->
    </test> <!-- Default test -->
  </suite> <!-- Default suite -->
</testng-results>
